[debug] [2022-07-06T10:39:19.507Z] ----------------------------------------------------------------------
[debug] [2022-07-06T10:39:19.509Z] Command:       /usr/local/bin/node /usr/local/bin/firebase init
[debug] [2022-07-06T10:39:19.510Z] CLI Version:   11.2.0
[debug] [2022-07-06T10:39:19.510Z] Platform:      darwin
[debug] [2022-07-06T10:39:19.510Z] Node Version:  v14.18.1
[debug] [2022-07-06T10:39:19.511Z] Time:          Wed Jul 06 2022 15:39:19 GMT+0500 (Pakistan Standard Time)
[debug] [2022-07-06T10:39:19.512Z] ----------------------------------------------------------------------
[debug] 
[debug] [2022-07-06T10:39:19.592Z] > command requires scopes: ["email","openid","https://www.googleapis.com/auth/cloudplatformprojects.readonly","https://www.googleapis.com/auth/firebase","https://www.googleapis.com/auth/cloud-platform"]
[debug] [2022-07-06T10:39:19.592Z] > authorizing via signed-in user (aiman@diyainteractive.com)
[info] 
     ######## #### ########  ######## ########     ###     ######  ########
     ##        ##  ##     ## ##       ##     ##  ##   ##  ##       ##
     ######    ##  ########  ######   ########  #########  ######  ######
     ##        ##  ##    ##  ##       ##     ## ##     ##       ## ##
     ##       #### ##     ## ######## ########  ##     ##  ######  ########

You're about to initialize a Firebase project in this directory:

  /Users/aimanmohsin/Desktop/Projects/bootswatch

Before we get started, keep in mind:

  * You are initializing within an existing Firebase project directory

[info] 
=== Project Setup
[info] 
[info] First, let's associate this project directory with a Firebase project.
[info] You can create multiple project aliases by running firebase use --add, 
[info] but for now we'll just set up a default project.
[info] 
[debug] [2022-07-06T10:39:33.310Z] Using project from CLI flag: myprojectname-343005
[debug] [2022-07-06T10:39:33.313Z] >>> [apiv2][query] GET https://firebase.googleapis.com/v1beta1/projects/myprojectname-343005 [none]
[debug] [2022-07-06T10:39:33.859Z] <<< [apiv2][status] GET https://firebase.googleapis.com/v1beta1/projects/myprojectname-343005 200
[debug] [2022-07-06T10:39:33.860Z] <<< [apiv2][body] GET https://firebase.googleapis.com/v1beta1/projects/myprojectname-343005 {"projectId":"myprojectname-343005","projectNumber":"528752110196","displayName":"MyProjectName","name":"projects/myprojectname-343005","resources":{"hostingSite":"myprojectname-343005"},"state":"ACTIVE"}
[info] i  Using project myprojectname-343005 (MyProjectName) 
[info] 
=== Hosting:github Setup
[info] 
[info] i  Detected a .git folder at /Users/aimanmohsin/Desktop/Projects/bootswatch 
[info] i  Authorizing with GitHub to upload your service account to a GitHub repository's secrets store. 
[info] 
[info] Visit this URL on this device to log in:
[info] https://github.com/login/oauth/authorize?client_id=89cf50f02ac6aaed3484&state=24935208&redirect_uri=http%3A%2F%2Flocalhost%3A9005&scope=read%3Auser%20repo%20public_repo
[info] 
[info] Waiting for authentication...
[debug] [2022-07-06T10:39:34.470Z] >>> [apiv2][query] POST https://github.com/login/oauth/access_token [none]
[debug] [2022-07-06T10:39:34.470Z] >>> [apiv2][body] POST https://github.com/login/oauth/access_token [stream]
[debug] [2022-07-06T10:39:34.911Z] <<< [apiv2][status] POST https://github.com/login/oauth/access_token 200
[debug] [2022-07-06T10:39:34.911Z] <<< [apiv2][body] POST https://github.com/login/oauth/access_token {"access_token":"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","token_type":"bearer","scope":"read:user,repo"}
[debug] [2022-07-06T10:39:34.919Z] >>> [apiv2][query] GET https://api.github.com/user [none]
[debug] [2022-07-06T10:39:35.350Z] <<< [apiv2][status] GET https://api.github.com/user 200
[debug] [2022-07-06T10:39:35.350Z] <<< [apiv2][body] GET https://api.github.com/user {"login":"Aimohsin","id":43362464,"node_id":"MDQ6VXNlcjQzMzYyNDY0","avatar_url":"https://avatars.githubusercontent.com/u/43362464?v=4","gravatar_id":"","url":"https://api.github.com/users/Aimohsin","html_url":"https://github.com/Aimohsin","followers_url":"https://api.github.com/users/Aimohsin/followers","following_url":"https://api.github.com/users/Aimohsin/following{/other_user}","gists_url":"https://api.github.com/users/Aimohsin/gists{/gist_id}","starred_url":"https://api.github.com/users/Aimohsin/starred{/owner}{/repo}","subscriptions_url":"https://api.github.com/users/Aimohsin/subscriptions","organizations_url":"https://api.github.com/users/Aimohsin/orgs","repos_url":"https://api.github.com/users/Aimohsin/repos","events_url":"https://api.github.com/users/Aimohsin/events{/privacy}","received_events_url":"https://api.github.com/users/Aimohsin/received_events","type":"User","site_admin":false,"name":"Aiman Mohsin","company":null,"blog":"","location":"Karachi, Pakistan","email":null,"hireable":null,"bio":"Software Engineer","twitter_username":null,"public_repos":50,"public_gists":0,"followers":1,"following":2,"created_at":"2018-09-18T03:21:27Z","updated_at":"2021-12-27T06:44:51Z","private_gists":0,"total_private_repos":2,"owned_private_repos":2,"disk_usage":303686,"collaborators":0,"two_factor_authentication":false,"plan":{"name":"free","space":976562499,"collaborators":0,"private_repos":10000}}
[info] 
[info] ✔  Success! Logged into GitHub as Aimohsin 
[info] 
[debug] [2022-07-06T10:39:49.653Z] >>> [apiv2][query] GET https://api.github.com/repos/aimohsin/hello/actions/secrets/public-key type=owner
[debug] [2022-07-06T10:39:50.134Z] <<< [apiv2][status] GET https://api.github.com/repos/aimohsin/hello/actions/secrets/public-key 404
[debug] [2022-07-06T10:39:50.134Z] <<< [apiv2][body] GET https://api.github.com/repos/aimohsin/hello/actions/secrets/public-key {"message":"Not Found","documentation_url":"https://docs.github.com/rest/reference/actions#get-a-repository-public-key"}
[debug] [2022-07-06T10:39:53.006Z] >>> [apiv2][query] GET https://api.github.com/repos/aimohsin/hello/actions/secrets/public-key type=owner
[debug] [2022-07-06T10:39:53.513Z] <<< [apiv2][status] GET https://api.github.com/repos/aimohsin/hello/actions/secrets/public-key 404
[debug] [2022-07-06T10:39:53.514Z] <<< [apiv2][body] GET https://api.github.com/repos/aimohsin/hello/actions/secrets/public-key {"message":"Not Found","documentation_url":"https://docs.github.com/rest/reference/actions#get-a-repository-public-key"}
[debug] [2022-07-06T10:43:58.032Z] >>> [apiv2][query] GET https://api.github.com/repos//actions/secrets/public-key type=owner
[debug] [2022-07-06T10:43:58.423Z] <<< [apiv2][status] GET https://api.github.com/repos//actions/secrets/public-key 404
[debug] [2022-07-06T10:43:58.423Z] <<< [apiv2][body] GET https://api.github.com/repos//actions/secrets/public-key {"message":"Not Found","documentation_url":"https://docs.github.com/rest"}
[debug] [2022-07-06T10:43:58.562Z] >>> [apiv2][query] GET https://api.github.com/repos//actions/secrets/public-key type=owner
[debug] [2022-07-06T10:43:58.737Z] >>> [apiv2][query] GET https://api.github.com/repos//actions/secrets/public-key type=owner
[debug] [2022-07-06T10:43:58.898Z] >>> [apiv2][query] GET https://api.github.com/repos//actions/secrets/public-key type=owner
[debug] [2022-07-06T10:43:58.924Z] <<< [apiv2][status] GET https://api.github.com/repos//actions/secrets/public-key 404
[debug] [2022-07-06T10:43:58.924Z] <<< [apiv2][body] GET https://api.github.com/repos//actions/secrets/public-key {"message":"Not Found","documentation_url":"https://docs.github.com/rest"}
[debug] [2022-07-06T10:43:59.096Z] <<< [apiv2][status] GET https://api.github.com/repos//actions/secrets/public-key 404
[debug] [2022-07-06T10:43:59.097Z] <<< [apiv2][body] GET https://api.github.com/repos//actions/secrets/public-key {"message":"Not Found","documentation_url":"https://docs.github.com/rest"}
[debug] [2022-07-06T10:43:59.287Z] <<< [apiv2][status] GET https://api.github.com/repos//actions/secrets/public-key 404
[debug] [2022-07-06T10:43:59.287Z] <<< [apiv2][body] GET https://api.github.com/repos//actions/secrets/public-key {"message":"Not Found","documentation_url":"https://docs.github.com/rest"}
